Flow report for DE1_SoC_TV
Tue Dec 01 19:17:30 2015
Quartus II 64-Bit Version 13.0.1 Build 232 06/12/2013 Service Pack 1 SJ Web Edition


---------------------
; Table of Contents ;
---------------------
  1. Legal Notice
  2. Flow Summary
  3. Flow Settings
  4. Flow Non-Default Global Settings
  5. Flow Elapsed Time
  6. Flow OS Summary
  7. Flow Log
  8. Flow Messages
  9. Flow Suppressed Messages



----------------
; Legal Notice ;
----------------
Copyright (C) 1991-2013 Altera Corporation
Your use of Altera Corporation's design tools, logic functions 
and other software and tools, and its AMPP partner logic 
functions, and any output files from any of the foregoing 
(including device programming or simulation files), and any 
associated documentation or information are expressly subject 
to the terms and conditions of the Altera Program License 
Subscription Agreement, Altera MegaCore Function License 
Agreement, or other applicable license agreement, including, 
without limitation, that your use is for the sole purpose of 
programming logic devices manufactured by Altera and sold by 
Altera or its authorized distributors.  Please refer to the 
applicable agreement for further details.



+---------------------------------------------------------------------------------------+
; Flow Summary                                                                          ;
+-------------------------------------+-------------------------------------------------+
; Flow Status                         ; Successful - Tue Dec 01 19:16:43 2015           ;
; Quartus II 64-Bit Version           ; 13.0.1 Build 232 06/12/2013 SP 1 SJ Web Edition ;
; Revision Name                       ; DE1_SoC_TV                                      ;
; Top-level Entity Name               ; DE1_SoC_TV                                      ;
; Family                              ; Cyclone V                                       ;
; Device                              ; 5CSEMA5F31C6                                    ;
; Timing Models                       ; Preliminary                                     ;
; Logic utilization (in ALMs)         ; 4,534 / 32,070 ( 14 % )                         ;
; Total registers                     ; 2870                                            ;
; Total pins                          ; 168 / 457 ( 37 % )                              ;
; Total virtual pins                  ; 0                                               ;
; Total block memory bits             ; 2,428,280 / 4,065,280 ( 60 % )                  ;
; Total DSP Blocks                    ; 19 / 87 ( 22 % )                                ;
; Total HSSI RX PCSs                  ; 0                                               ;
; Total HSSI PMA RX Deserializers     ; 0                                               ;
; Total HSSI PMA RX ATT Deserializers ; 0                                               ;
; Total HSSI TX PCSs                  ; 0                                               ;
; Total HSSI PMA TX Serializers       ; 0                                               ;
; Total HSSI PMA TX ATT Serializers   ; 0                                               ;
; Total PLLs                          ; 1 / 6 ( 17 % )                                  ;
; Total DLLs                          ; 0 / 4 ( 0 % )                                   ;
+-------------------------------------+-------------------------------------------------+


+-----------------------------------------+
; Flow Settings                           ;
+-------------------+---------------------+
; Option            ; Setting             ;
+-------------------+---------------------+
; Start date & time ; 12/01/2015 19:12:33 ;
; Main task         ; Compilation         ;
; Revision Name     ; DE1_SoC_TV          ;
+-------------------+---------------------+


+----------------------------------------------------------------------------------------------------------------------------+
; Flow Non-Default Global Settings                                                                                           ;
+-------------------------------------+---------------------------------------+---------------+-----------------+------------+
; Assignment Name                     ; Value                                 ; Default Value ; Entity Name     ; Section Id ;
+-------------------------------------+---------------------------------------+---------------+-----------------+------------+
; COMPILER_SIGNATURE_ID               ; 10995770589184.144901515303516        ; --            ; --              ; --         ;
; ECO_REGENERATE_REPORT               ; On                                    ; Off           ; --              ; --         ;
; FITTER_EFFORT                       ; Standard Fit                          ; Auto Fit      ; --              ; --         ;
; IP_TOOL_ENV                         ; mwpim                                 ; --            ; MAC_3           ; --         ;
; IP_TOOL_ENV                         ; mwpim                                 ; --            ; Sdram_PLL       ; --         ;
; IP_TOOL_ENV                         ; mwpim                                 ; --            ; Sdram_PLL_0002  ; --         ;
; IP_TOOL_ENV                         ; mwpim                                 ; --            ; altera_mult_add ; --         ;
; IP_TOOL_NAME                        ; FIFO                                  ; --            ; --              ; --         ;
; IP_TOOL_NAME                        ; FIFO                                  ; --            ; --              ; --         ;
; IP_TOOL_NAME                        ; RAM: 3-PORT                           ; --            ; --              ; --         ;
; IP_TOOL_NAME                        ; ALTPLL                                ; --            ; --              ; --         ;
; IP_TOOL_NAME                        ; Shift register (RAM-based)            ; --            ; --              ; --         ;
; IP_TOOL_NAME                        ; LPM_DIVIDE                            ; --            ; --              ; --         ;
; IP_TOOL_NAME                        ; altera_mult_add                       ; --            ; MAC_3           ; --         ;
; IP_TOOL_NAME                        ; altera_pll                            ; --            ; Sdram_PLL       ; --         ;
; IP_TOOL_NAME                        ; altera_pll                            ; --            ; Sdram_PLL_0002  ; --         ;
; IP_TOOL_NAME                        ; altera_mult_add                       ; --            ; altera_mult_add ; --         ;
; IP_TOOL_VERSION                     ; 13.1                                  ; --            ; --              ; --         ;
; IP_TOOL_VERSION                     ; 13.1                                  ; --            ; --              ; --         ;
; IP_TOOL_VERSION                     ; 9.1                                   ; --            ; --              ; --         ;
; IP_TOOL_VERSION                     ; 13.0                                  ; --            ; --              ; --         ;
; IP_TOOL_VERSION                     ; 13.1                                  ; --            ; --              ; --         ;
; IP_TOOL_VERSION                     ; 13.1                                  ; --            ; --              ; --         ;
; IP_TOOL_VERSION                     ; 13.1                                  ; --            ; MAC_3           ; --         ;
; IP_TOOL_VERSION                     ; 13.1                                  ; --            ; Sdram_PLL       ; --         ;
; IP_TOOL_VERSION                     ; 13.1                                  ; --            ; Sdram_PLL_0002  ; --         ;
; IP_TOOL_VERSION                     ; 13.1                                  ; --            ; altera_mult_add ; --         ;
; MAX_CORE_JUNCTION_TEMP              ; 85                                    ; --            ; --              ; --         ;
; MIN_CORE_JUNCTION_TEMP              ; 0                                     ; --            ; --              ; --         ;
; MISC_FILE                           ; Sdram_Control_4Port/Sdram_PLL.cmp     ; --            ; --              ; --         ;
; MISC_FILE                           ; v/MAC_3.cmp                           ; --            ; --              ; --         ;
; MISC_FILE                           ; v/PLL.ppf                             ; --            ; --              ; --         ;
; MISC_FILE                           ; v/Line_Buffer.bsf                     ; --            ; --              ; --         ;
; MISC_FILE                           ; v/DIV.bsf                             ; --            ; --              ; --         ;
; OPTIMIZATION_TECHNIQUE              ; Speed                                 ; Balanced      ; --              ; --         ;
; PARTITION_COLOR                     ; 16764057                              ; --            ; --              ; Top        ;
; PARTITION_FITTER_PRESERVATION_LEVEL ; PLACEMENT_AND_ROUTING                 ; --            ; --              ; Top        ;
; PARTITION_NETLIST_TYPE              ; SOURCE                                ; --            ; --              ; Top        ;
; POWER_BOARD_THERMAL_MODEL           ; None (CONSERVATIVE)                   ; --            ; --              ; --         ;
; POWER_PRESET_COOLING_SOLUTION       ; 23 MM HEAT SINK WITH 200 LFPM AIRFLOW ; --            ; --              ; --         ;
; SYNTHESIS_ONLY_QIP                  ; On                                    ; --            ; --              ; --         ;
; SYNTHESIS_ONLY_QIP                  ; On                                    ; --            ; --              ; --         ;
+-------------------------------------+---------------------------------------+---------------+-----------------+------------+


+-------------------------------------------------------------------------------------------------------------------------------+
; Flow Elapsed Time                                                                                                             ;
+---------------------------+--------------+-------------------------+---------------------+------------------------------------+
; Module Name               ; Elapsed Time ; Average Processors Used ; Peak Virtual Memory ; Total CPU Time (on all processors) ;
+---------------------------+--------------+-------------------------+---------------------+------------------------------------+
; Analysis & Synthesis      ; 00:00:39     ; 1.0                     ; 626 MB              ; 00:00:33                           ;
; Fitter                    ; 00:03:17     ; 1.0                     ; 2000 MB             ; 00:03:08                           ;
; Assembler                 ; 00:00:02     ; 1.0                     ; 551 MB              ; 00:00:02                           ;
; TimeQuest Timing Analyzer ; 00:00:46     ; 1.0                     ; 1273 MB             ; 00:00:45                           ;
; Total                     ; 00:04:44     ; --                      ; --                  ; 00:04:28                           ;
+---------------------------+--------------+-------------------------+---------------------+------------------------------------+


+----------------------------------------------------------------------------------------+
; Flow OS Summary                                                                        ;
+---------------------------+------------------+-----------+------------+----------------+
; Module Name               ; Machine Hostname ; OS Name   ; OS Version ; Processor type ;
+---------------------------+------------------+-----------+------------+----------------+
; Analysis & Synthesis      ; DAVIS            ; Windows 7 ; 6.2        ; x86_64         ;
; Fitter                    ; DAVIS            ; Windows 7 ; 6.2        ; x86_64         ;
; Assembler                 ; DAVIS            ; Windows 7 ; 6.2        ; x86_64         ;
; TimeQuest Timing Analyzer ; DAVIS            ; Windows 7 ; 6.2        ; x86_64         ;
+---------------------------+------------------+-----------+------------+----------------+


------------
; Flow Log ;
------------
quartus_map --read_settings_files=on --write_settings_files=off DE1_SoC_TV -c DE1_SoC_TV
quartus_fit --read_settings_files=off --write_settings_files=off DE1_SoC_TV -c DE1_SoC_TV
quartus_asm --read_settings_files=off --write_settings_files=off DE1_SoC_TV -c DE1_SoC_TV
quartus_sta DE1_SoC_TV -c DE1_SoC_TV



